2019-Apr-24 09:04:07 Наличие необходимых модулей php (check_php_modules): Ok
Все необходимые модули установлены
2019-Apr-24 09:04:07 Обязательные параметры PHP (check_php_settings): Ok
Настройки правильные
2019-Apr-24 09:04:07 Модули веб-сервера (check_security): Warning
Замечание. Загружен модуль mod_dav/mod_dav_fs, WebDav не будет работать
2019-Apr-24 09:04:07 Значения переменных сервера (check_server_vars): Ok
Корректные
2019-Apr-24 09:04:08 Сохранение сессии (check_session): Ok
50% done
2019-Apr-24 09:04:08 Сохранение сессии (check_session): Ok
Успешно
2019-Apr-24 09:04:08 Параметры настройки UTF (mbstring и константа BX_UTF) (check_mbstring): Ok
Правильные. Сайт работает в UTF кодировке
2019-Apr-24 09:04:08 Служебные скрипты в корне сайта (check_install_scripts): Ok
Отсутствуют
2019-Apr-24 09:04:08 Работа с сокетами (check_socket): Ok
Connection to localhost:8888	Success

Успешно
2019-Apr-24 09:04:08 Выполнение агентов на cron (check_bx_crontab): Warning
Замечание. Агенты выполняются на хитах, рекомендуется перевести выполнение агентов на cron
2019-Apr-24 09:04:09 Параметры подключения к базе данных (check_dbconn_settings): Ok
Успешно
2019-Apr-24 09:04:09 Лишний вывод в файлах конфигурации (check_dbconn): Ok
Connection to localhost:8888	Success

Успешно
2019-Apr-24 09:04:09 Сохранение сессии без UserAgent (check_session_ua): Ok
50% done
Connection to localhost:8888	Success

2019-Apr-24 09:04:09 Сохранение сессии без UserAgent (check_session_ua): Ok
Connection to localhost:8888	Success

Успешно
2019-Apr-24 09:04:10 Настройки сайтов (check_sites): Ok
Правильные
2019-Apr-24 09:04:10 Передача объектов по ссылке (check_clone): Ok
Успешно
2019-Apr-24 09:04:10 Размер стека и pcre.recursion_limit (check_pcre_recursion): Warning
Connection to localhost:8888	Success

Замечание. Возможны проблемы в работе с длинными строками из-за системных ограничений
2019-Apr-24 09:04:10 Загрузка файла (check_upload): Ok
Connection to localhost:8888	Success

Успешно
2019-Apr-24 09:04:10 Загрузка файла больше 4Мб (check_upload_big): Ok
Connection to localhost:8888	Success

Успешно
2019-Apr-24 09:04:10 Загрузка файла через php://input (check_upload_raw): Ok
Connection to localhost:8888	Success

Успешно
2019-Apr-24 09:04:11 Передача POST запроса с большим числом параметров (check_post): Ok
Connection to localhost:8888	Success

Успешно
2019-Apr-24 09:04:11 Отправка почты (check_mail): Ok
Успешно
2019-Apr-24 09:04:11 Отправка почтового сообщения больше 64Кб (check_mail_big): Ok
Успешно
2019-Apr-24 09:04:11 Проверка на наличие неотправленных сообщений (check_mail_b_event): Ok
Успешно
2019-Apr-24 09:04:11 Внутреннее перенаправление (функция LocalRedirect) (check_localredirect): Ok
50% done
Connection to localhost:8888	Success

2019-Apr-24 09:04:12 Внутреннее перенаправление (функция LocalRedirect) (check_localredirect): Ok
Connection to localhost:8888	Success

Успешно
2019-Apr-24 09:04:12 Фактическое ограничение памяти (check_memory_limit): Ok
20% done
Connection to localhost:8888	Success

2019-Apr-24 09:04:12 Фактическое ограничение памяти (check_memory_limit): Ok
40% done
Connection to localhost:8888	Success

2019-Apr-24 09:04:12 Фактическое ограничение памяти (check_memory_limit): Ok
60% done
Connection to localhost:8888	Success

2019-Apr-24 09:04:13 Фактическое ограничение памяти (check_memory_limit): Ok
80% done
Connection to localhost:8888	Success

2019-Apr-24 09:04:13 Фактическое ограничение памяти (check_memory_limit): Ok
Connection to localhost:8888	Success

Не менее 256 М
2019-Apr-24 09:04:13 Работа с файлами кеша (check_cache): Ok
Успешно
2019-Apr-24 09:04:28 Доступ к серверу обновлений (check_update): Ok
Успешно
2019-Apr-24 09:04:28 HTTP авторизация (check_http_auth): Ok
Connection to localhost:8888	Success

Успешно
2019-Apr-24 09:04:28 Создание и запуск файла (check_exec): Ok
Connection to localhost:8888	Success

Успешно
2019-Apr-24 09:04:29 Функция getimagesize для swf (check_getimagesize): Warning
Замечание. File not found: /Applications/MAMP/htdocs/bitrix/bitrix/modules/fileman/install/components/bitrix/player/mediaplayer/player
2019-Apr-24 09:04:29 Версия MySQL-сервера (check_mysql_bug_version): Ok
Успешно
2019-Apr-24 09:04:30 Время на БД и веб-сервере (check_mysql_time): Fail
Ошибка! Время отличается на 3600 секунд
2019-Apr-24 09:04:30 Режим работы MySQL (check_mysql_mode): Ok
Успешно
2019-Apr-24 09:04:30 Кодировка соединения (check_mysql_connection_charset): Ok
character_set_connection=utf8, collation_connection=utf8_unicode_ci, character_set_results=utf8
Успешно
2019-Apr-24 09:04:30 Кодировка базы данных (check_mysql_db_charset): Ok
CHARSET=utf8, COLLATION=utf8_unicode_ci
Успешно
2019-Apr-24 09:04:30 Кодировки таблиц в БД (check_mysql_table_charset): Ok
Успешно
2019-Apr-24 09:04:30 Структура базы данных (check_mysql_table_structure): Ok
0% done
2019-Apr-24 09:04:31 Структура базы данных (check_mysql_table_structure): Ok
5% done
2019-Apr-24 09:04:31 Структура базы данных (check_mysql_table_structure): Ok
11% done
2019-Apr-24 09:04:31 Структура базы данных (check_mysql_table_structure): Ok
17% done
2019-Apr-24 09:04:31 Структура базы данных (check_mysql_table_structure): Ok
23% done
2019-Apr-24 09:04:32 Структура базы данных (check_mysql_table_structure): Ok
29% done
2019-Apr-24 09:04:32 Структура базы данных (check_mysql_table_structure): Ok
35% done
2019-Apr-24 09:04:32 Структура базы данных (check_mysql_table_structure): Ok
41% done
2019-Apr-24 09:04:33 Структура базы данных (check_mysql_table_structure): Ok
47% done
2019-Apr-24 09:04:33 Структура базы данных (check_mysql_table_structure): Ok
52% done
2019-Apr-24 09:04:33 Структура базы данных (check_mysql_table_structure): Ok
58% done
2019-Apr-24 09:04:33 Структура базы данных (check_mysql_table_structure): Ok
64% done
2019-Apr-24 09:04:35 Структура базы данных (check_mysql_table_structure): Ok
70% done
2019-Apr-24 09:04:36 Структура базы данных (check_mysql_table_structure): Ok
76% done
2019-Apr-24 09:04:36 Структура базы данных (check_mysql_table_structure): Ok
82% done
2019-Apr-24 09:04:36 Структура базы данных (check_mysql_table_structure): Ok
88% done
2019-Apr-24 09:04:37 Структура базы данных (check_mysql_table_structure): Ok
94% done
2019-Apr-24 09:04:37 Структура базы данных (check_mysql_table_structure): Ok
Успешно
